# JRE version: Java(TM) SE Runtime Environment (21.0.5+9) (build 21.0.5+9-LTS-239)
# Java VM: Java HotSpot(TM) 64-Bit Server VM (21.0.5+9-LTS-239, mixed mode, sharing, tiered, compressed oops, compressed class ptrs, g1 gc, windows-amd64)
GC Precious Log:
 CardTable entry size: 512
 Card Set container configuration: InlinePtr #cards 4 size 8 Array Of Cards #cards 16 size 48 Howl #buckets 8 coarsen threshold 3686 Howl Bitmap #cards 512 size 80 coarsen threshold 460 Card regions per heap region 1 cards per card region 4096
 CPUs: 6 total, 6 available
 Memory: 16302M
 Large Page Support: Disabled
 NUMA Support: Disabled
 Compressed Oops: Enabled (Zero based)
 Heap Region Size: 2M
 Heap Min Capacity: 8M
 Heap Initial Capacity: 256M
 Heap Max Capacity: 4076M
 Pre-touch: Disabled
 Parallel Workers: 6
 Concurrent Workers: 2
 Concurrent Refinement Workers: 6
 Periodic GC: Disabled
Heap:
 garbage-first heap   total 112640K, used 64063K [0x0000000701400000, 0x0000000800000000)
  region size 2048K, 10 young (20480K), 4 survivors (8192K)
 Metaspace       used 92207K, committed 92992K, reserved 1179648K
  class space    used 12654K, committed 12992K, reserved 1048576K
GC Heap History (20 events):
Event: 2.618 GC heap before
{Heap before GC invocations=5 (full 0):
 garbage-first heap   total 90112K, used 58852K [0x0000000701400000, 0x0000000800000000)
  region size 2048K, 26 young (53248K), 7 survivors (14336K)
 Metaspace       used 34963K, committed 35520K, reserved 1114112K
  class space    used 4364K, committed 4608K, reserved 1048576K
}
Event: 2.624 GC heap after
{Heap after GC invocations=6 (full 0):
 garbage-first heap   total 90112K, used 22247K [0x0000000701400000, 0x0000000800000000)
  region size 2048K, 2 young (4096K), 2 survivors (4096K)
 Metaspace       used 34963K, committed 35520K, reserved 1114112K
  class space    used 4364K, committed 4608K, reserved 1048576K
}
Event: 2.647 GC heap before
{Heap before GC invocations=6 (full 0):
 garbage-first heap   total 90112K, used 22247K [0x0000000701400000, 0x0000000800000000)
  region size 2048K, 3 young (6144K), 2 survivors (4096K)
 Metaspace       used 35469K, committed 35968K, reserved 1114112K
  class space    used 4430K, committed 4672K, reserved 1048576K
}
Event: 2.649 GC heap after
{Heap after GC invocations=7 (full 0):
 garbage-first heap   total 90112K, used 21972K [0x0000000701400000, 0x0000000800000000)
  region size 2048K, 2 young (4096K), 2 survivors (4096K)
 Metaspace       used 35469K, committed 35968K, reserved 1114112K
  class space    used 4430K, committed 4672K, reserved 1048576K
}
Event: 3.436 GC heap before
{Heap before GC invocations=8 (full 0):
 garbage-first heap   total 90112K, used 69076K [0x0000000701400000, 0x0000000800000000)
  region size 2048K, 26 young (53248K), 2 survivors (4096K)
 Metaspace       used 51619K, committed 52160K, reserved 1114112K
  class space    used 6560K, committed 6784K, reserved 1048576K
}
Event: 3.440 GC heap after
{Heap after GC invocations=9 (full 0):
 garbage-first heap   total 90112K, used 25711K [0x0000000701400000, 0x0000000800000000)
  region size 2048K, 4 young (8192K), 4 survivors (8192K)
 Metaspace       used 51619K, committed 52160K, reserved 1114112K
  class space    used 6560K, committed 6784K, reserved 1048576K
}
Event: 3.916 GC heap before
{Heap before GC invocations=9 (full 0):
 garbage-first heap   total 90112K, used 66671K [0x0000000701400000, 0x0000000800000000)
  region size 2048K, 25 young (51200K), 4 survivors (8192K)
 Metaspace       used 59902K, committed 60480K, reserved 1114112K
  class space    used 7782K, committed 8064K, reserved 1048576K
}
Event: 3.920 GC heap after
{Heap after GC invocations=10 (full 0):
 garbage-first heap   total 90112K, used 27612K [0x0000000701400000, 0x0000000800000000)
  region size 2048K, 4 young (8192K), 4 survivors (8192K)
 Metaspace       used 59902K, committed 60480K, reserved 1114112K
  class space    used 7782K, committed 8064K, reserved 1048576K
}
Event: 3.931 GC heap before
{Heap before GC invocations=10 (full 0):
 garbage-first heap   total 90112K, used 27612K [0x0000000701400000, 0x0000000800000000)
  region size 2048K, 5 young (10240K), 4 survivors (8192K)
 Metaspace       used 60208K, committed 60800K, reserved 1114112K
  class space    used 7819K, committed 8128K, reserved 1048576K
}
Event: 3.934 GC heap after
{Heap after GC invocations=11 (full 0):
 garbage-first heap   total 90112K, used 27578K [0x0000000701400000, 0x0000000800000000)
  region size 2048K, 1 young (2048K), 1 survivors (2048K)
 Metaspace       used 60208K, committed 60800K, reserved 1114112K
  class space    used 7819K, committed 8128K, reserved 1048576K
}
Event: 4.536 GC heap before
{Heap before GC invocations=12 (full 0):
 garbage-first heap   total 90112K, used 78778K [0x0000000701400000, 0x0000000800000000)
  region size 2048K, 26 young (53248K), 1 survivors (2048K)
 Metaspace       used 68584K, committed 69312K, reserved 1114112K
  class space    used 8964K, committed 9280K, reserved 1048576K
}
Event: 4.540 GC heap after
{Heap after GC invocations=13 (full 0):
 garbage-first heap   total 108544K, used 30849K [0x0000000701400000, 0x0000000800000000)
  region size 2048K, 3 young (6144K), 3 survivors (6144K)
 Metaspace       used 68584K, committed 69312K, reserved 1114112K
  class space    used 8964K, committed 9280K, reserved 1048576K
}
Event: 5.124 GC heap before
{Heap before GC invocations=13 (full 0):
 garbage-first heap   total 108544K, used 86145K [0x0000000701400000, 0x0000000800000000)
  region size 2048K, 31 young (63488K), 3 survivors (6144K)
 Metaspace       used 75518K, committed 76224K, reserved 1179648K
  class space    used 9950K, committed 10240K, reserved 1048576K
}
Event: 5.129 GC heap after
{Heap after GC invocations=14 (full 0):
 garbage-first heap   total 108544K, used 35041K [0x0000000701400000, 0x0000000800000000)
  region size 2048K, 4 young (8192K), 4 survivors (8192K)
 Metaspace       used 75518K, committed 76224K, reserved 1179648K
  class space    used 9950K, committed 10240K, reserved 1048576K
}
Event: 5.266 GC heap before
{Heap before GC invocations=14 (full 0):
 garbage-first heap   total 108544K, used 47329K [0x0000000701400000, 0x0000000800000000)
  region size 2048K, 12 young (24576K), 4 survivors (8192K)
 Metaspace       used 78179K, committed 78976K, reserved 1179648K
  class space    used 10427K, committed 10816K, reserved 1048576K
}
Event: 5.271 GC heap after
{Heap after GC invocations=15 (full 0):
 garbage-first heap   total 108544K, used 37310K [0x0000000701400000, 0x0000000800000000)
  region size 2048K, 2 young (4096K), 2 survivors (4096K)
 Metaspace       used 78179K, committed 78976K, reserved 1179648K
  class space    used 10427K, committed 10816K, reserved 1048576K
}
Event: 8.345 GC heap before
{Heap before GC invocations=16 (full 0):
 garbage-first heap   total 108544K, used 98750K [0x0000000701400000, 0x0000000800000000)
  region size 2048K, 30 young (61440K), 2 survivors (4096K)
 Metaspace       used 87991K, committed 88768K, reserved 1179648K
  class space    used 12144K, committed 12480K, reserved 1048576K
}
Event: 8.349 GC heap after
{Heap after GC invocations=17 (full 0):
 garbage-first heap   total 110592K, used 46165K [0x0000000701400000, 0x0000000800000000)
  region size 2048K, 4 young (8192K), 4 survivors (8192K)
 Metaspace       used 87991K, committed 88768K, reserved 1179648K
  class space    used 12144K, committed 12480K, reserved 1048576K
}
Event: 17.245 GC heap before
{Heap before GC invocations=17 (full 0):
 garbage-first heap   total 110592K, used 93269K [0x0000000701400000, 0x0000000800000000)
  region size 2048K, 27 young (55296K), 4 survivors (8192K)
 Metaspace       used 91975K, committed 92800K, reserved 1179648K
  class space    used 12625K, committed 12992K, reserved 1048576K
}
Event: 17.252 GC heap after
{Heap after GC invocations=18 (full 0):
 garbage-first heap   total 112640K, used 53823K [0x0000000701400000, 0x0000000800000000)
  region size 2048K, 4 young (8192K), 4 survivors (8192K)
 Metaspace       used 91975K, committed 92800K, reserved 1179648K
  class space    used 12625K, committed 12992K, reserved 1048576K
}

